<?xml version="1.0" encoding="UTF-8"?>
<testng-results skipped="0" failed="0" ignored="0" total="1" passed="1">
  <reporter-output>
  </reporter-output>
  <suite name="Default suite" duration-ms="17866" started-at="2020-06-18T13:26:24 EDT" finished-at="2020-06-18T13:26:42 EDT">
    <groups>
    </groups>
    <test name="Default test" duration-ms="17866" started-at="2020-06-18T13:26:24 EDT" finished-at="2020-06-18T13:26:42 EDT">
      <class name="thursdaytry.Myself">
        <test-method status="PASS" signature="openBrowser()[pri:0, instance:thursdaytry.Myself@369f73a2]" name="openBrowser" duration-ms="17793" started-at="2020-06-18T13:26:24 EDT" finished-at="2020-06-18T13:26:42 EDT">
          <reporter-output>
          </reporter-output>
        </test-method> <!-- openBrowser -->
      </class> <!-- thursdaytry.Myself -->
    </test> <!-- Default test -->
  </suite> <!-- Default suite -->
</testng-results>
